android/app/build/intermediates/manifest_merge_blame_file/debug/manifest-merger-blame-debug-report.txt
1<?xml version="1.0" encoding="utf-8"?>
2<manifest xmlns:android="http://schemas.android.com/apk/res/android"
3    package="com.nuyhead.minimals"
4    android:versionCode="1"
5    android:versionName="1.0" >
6
7    <uses-sdk
8        android:minSdkVersion="23"
9        android:targetSdkVersion="34" />
10    <!--
11         The INTERNET permission is required for development. Specifically,
12         the Flutter tool needs it to communicate with the running application
13         to allow setting breakpoints, to provide hot reload, etc.
14    -->
15    <uses-permission android:name="android.permission.INTERNET" />
15-->src/main/AndroidManifest.xml:4:5-66
15-->src/main/AndroidManifest.xml:4:22-64
16
17    <application
18        android:name="android.app.Application"
19        android:debuggable="true"
20        android:extractNativeLibs="false"
21        android:icon="@mipmap/ic_launcher"
22        android:label="minimals" >
23        <meta-data
24            android:name="com.naver.sdk.clientId"
25            android:value="@string/client_id" />
26        <meta-data
27            android:name="com.naver.sdk.clientSecret"
28            android:value="@string/client_secret" />
29        <meta-data
30            android:name="com.naver.sdk.clientName"
31            android:value="@string/client_name" />
32
33        <!-- 카카오 로그인 커스텀 URL 스킴 설정 -->
34        <activity
35            android:name="com.kakao.sdk.flutter.AuthCodeCustomTabsActivity"
36            android:exported="true" >
37
38            <!-- 첫 번째 intent-filter: 카카오 OAuth 스킴 처리 -->
39            <intent-filter android:label="flutter_web_auth" >
40                <action android:name="android.intent.action.VIEW" />
41
42                <category android:name="android.intent.category.DEFAULT" />
43                <category android:name="android.intent.category.BROWSABLE" />
44                <!-- "kakao${YOUR_NATIVE_APP_KEY}://oauth" 형식의 앱 실행 스킴 설정 -->
45            </intent-filter>
46        </activity>
47
48        <!-- 플러터 임베딩 메타데이터 -->
49        <meta-data
50            android:name="flutterEmbedding"
51            android:value="2" />
52
53        <!-- MainActivity 설정 -->
54        <activity
55            android:name="com.nuyhead.minimals.MainActivity"
56            android:configChanges="orientation|keyboardHidden|keyboard|screenSize|smallestScreenSize|locale|layoutDirection|fontScale|screenLayout|density|uiMode"
57            android:exported="true"
58            android:hardwareAccelerated="true"
59            android:launchMode="singleTop"
60            android:theme="@style/LaunchTheme"
61            android:windowSoftInputMode="adjustResize" >
62            <meta-data
63                android:name="io.flutter.embedding.android.NormalTheme"
64                android:resource="@style/NormalTheme" />
65
66            <intent-filter>
67                <action android:name="android.intent.action.MAIN" />
68
69                <category android:name="android.intent.category.LAUNCHER" />
70            </intent-filter>
71        </activity>
72    </application>
73
74</manifest>